<?xml version="1.0" encoding="UTF-8"?>
<!-- Generated by org.testng.reporters.JUnitReportReporter -->
<testsuite skipped="0" hostname="AP-PUN-WS5592" name="com.challenge1.Question1" tests="1" failures="0" timestamp="2019-10-20T17:25:10 IST" time="4.450" errors="0">
  <testcase name="testQuestion1" time="4.450" classname="com.challenge1.Question1"/>
</testsuite> <!-- com.challenge1.Question1 -->
